\BOOKMARK [0][-]{chapter.1}{\376\377\000I\000n\000t\000r\000o\000d\000u\000c\000t\000i\000o\000n}{}% 1
\BOOKMARK [0][-]{chapter.2}{\376\377\000P\000a\000r\000a\000l\000l\000e\000l\000.\000G\000A\000M\000I\000T}{}% 2
\BOOKMARK [1][-]{section.2.1}{\376\377\000p\000g\000a\000m\000i\000t\000\040\000p\000a\000c\000k\000a\000g\000e}{chapter.2}% 3
\BOOKMARK [2][-]{subsection.2.1.1}{\376\377\000S\000u\000b\000p\000a\000c\000k\000a\000g\000e\000s}{section.2.1}% 4
\BOOKMARK [3][-]{subsubsection.2.1.1.1}{\376\377\000p\000g\000a\000m\000i\000t\000.\000c\000l\000a\000s\000s\000e\000s\000\040\000p\000a\000c\000k\000a\000g\000e}{subsection.2.1.1}% 5
\BOOKMARK [4][-]{paragraph*.3}{\376\377\000S\000u\000b\000m\000o\000d\000u\000l\000e\000s}{subsubsection.2.1.1.1}% 6
\BOOKMARK [4][-]{paragraph*.4}{\376\377\000p\000g\000a\000m\000i\000t\000.\000c\000l\000a\000s\000s\000e\000s\000.\000N\000e\000t\000C\000l\000u\000s\000t\000e\000r\000s\000\040\000m\000o\000d\000u\000l\000e}{subsubsection.2.1.1.1}% 7
\BOOKMARK [4][-]{paragraph*.7}{\376\377\000p\000g\000a\000m\000i\000t\000.\000c\000l\000a\000s\000s\000e\000s\000.\000U\000t\000i\000l\000s\000\040\000m\000o\000d\000u\000l\000e}{subsubsection.2.1.1.1}% 8
\BOOKMARK [4][-]{paragraph*.53}{\376\377\000p\000g\000a\000m\000i\000t\000.\000c\000l\000a\000s\000s\000e\000s\000.\000W\000e\000e\000k\000l\000y\000C\000o\000m\000b\000i\000n\000a\000t\000i\000o\000n\000\040\000m\000o\000d\000u\000l\000e}{subsubsection.2.1.1.1}% 9
\BOOKMARK [5][-]{subparagraph*.63}{\376\377\000W\000e\000e\000k\000l\000y\000C\000o\000m\000b\000i\000n\000a\000t\000i\000o\000n\000.\000p\000y\000\040\000-\000\040\000C\000L\000I\000\040\000i\000n\000t\000e\000r\000f\000a\000c\000e}{paragraph*.53}% 10
\BOOKMARK [5][-]{subparagraph*.64}{\376\377\000W\000e\000e\000k\000l\000y\000C\000o\000m\000b\000i\000n\000a\000t\000i\000o\000n\000.\000p\000y\000\040\000p\000o\000s\000i\000t\000i\000o\000n\000a\000l\000\040\000a\000r\000g\000u\000m\000e\000n\000t\000s}{paragraph*.53}% 11
\BOOKMARK [5][-]{subparagraph*.65}{\376\377\000W\000e\000e\000k\000l\000y\000C\000o\000m\000b\000i\000n\000a\000t\000i\000o\000n\000.\000p\000y\000\040\000o\000p\000t\000i\000o\000n\000s}{paragraph*.53}% 12
\BOOKMARK [4][-]{paragraph*.66}{\376\377\000p\000g\000a\000m\000i\000t\000.\000c\000l\000a\000s\000s\000e\000s\000.\000d\000b\000C\000o\000n\000n\000e\000c\000t\000i\000o\000n\000\040\000m\000o\000d\000u\000l\000e}{subsubsection.2.1.1.1}% 13
\BOOKMARK [4][-]{paragraph*.72}{\376\377\000p\000g\000a\000m\000i\000t\000.\000c\000l\000a\000s\000s\000e\000s\000.\000p\000y\000A\000r\000c\000h\000i\000v\000e\000S\000t\000r\000u\000c\000t\000\040\000m\000o\000d\000u\000l\000e}{subsubsection.2.1.1.1}% 14
\BOOKMARK [4][-]{paragraph*.81}{\376\377\000p\000g\000a\000m\000i\000t\000.\000c\000l\000a\000s\000s\000e\000s\000.\000p\000y\000B\000r\000d\000c\000\040\000m\000o\000d\000u\000l\000e}{subsubsection.2.1.1.1}% 15
\BOOKMARK [4][-]{paragraph*.85}{\376\377\000p\000g\000a\000m\000i\000t\000.\000c\000l\000a\000s\000s\000e\000s\000.\000p\000y\000B\000u\000n\000c\000h\000\040\000m\000o\000d\000u\000l\000e}{subsubsection.2.1.1.1}% 16
\BOOKMARK [4][-]{paragraph*.92}{\376\377\000p\000g\000a\000m\000i\000t\000.\000c\000l\000a\000s\000s\000e\000s\000.\000p\000y\000C\000l\000k\000\040\000m\000o\000d\000u\000l\000e}{subsubsection.2.1.1.1}% 17
\BOOKMARK [4][-]{paragraph*.96}{\376\377\000p\000g\000a\000m\000i\000t\000.\000c\000l\000a\000s\000s\000e\000s\000.\000p\000y\000C\000o\000m\000p\000r\000e\000s\000s\000\040\000m\000o\000d\000u\000l\000e}{subsubsection.2.1.1.1}% 18
\BOOKMARK [4][-]{paragraph*.98}{\376\377\000p\000g\000a\000m\000i\000t\000.\000c\000l\000a\000s\000s\000e\000s\000.\000p\000y\000D\000a\000t\000e\000\040\000m\000o\000d\000u\000l\000e}{subsubsection.2.1.1.1}% 19
\BOOKMARK [4][-]{paragraph*.121}{\376\377\000p\000g\000a\000m\000i\000t\000.\000c\000l\000a\000s\000s\000e\000s\000.\000p\000y\000E\000O\000P\000\040\000m\000o\000d\000u\000l\000e}{subsubsection.2.1.1.1}% 20
\BOOKMARK [4][-]{paragraph*.124}{\376\377\000p\000g\000a\000m\000i\000t\000.\000c\000l\000a\000s\000s\000e\000s\000.\000p\000y\000E\000T\000M\000\040\000m\000o\000d\000u\000l\000e}{subsubsection.2.1.1.1}% 21
\BOOKMARK [4][-]{paragraph*.201}{\376\377\000p\000g\000a\000m\000i\000t\000.\000c\000l\000a\000s\000s\000e\000s\000.\000p\000y\000E\000v\000e\000n\000t\000s\000\040\000m\000o\000d\000u\000l\000e}{subsubsection.2.1.1.1}% 22
\BOOKMARK [4][-]{paragraph*.204}{\376\377\000p\000g\000a\000m\000i\000t\000.\000c\000l\000a\000s\000s\000e\000s\000.\000p\000y\000G\000a\000m\000i\000t\000C\000o\000n\000f\000i\000g\000\040\000m\000o\000d\000u\000l\000e}{subsubsection.2.1.1.1}% 23
\BOOKMARK [4][-]{paragraph*.208}{\376\377\000p\000g\000a\000m\000i\000t\000.\000c\000l\000a\000s\000s\000e\000s\000.\000p\000y\000G\000a\000m\000i\000t\000S\000e\000s\000s\000i\000o\000n\000\040\000m\000o\000d\000u\000l\000e}{subsubsection.2.1.1.1}% 24
\BOOKMARK [4][-]{paragraph*.221}{\376\377\000p\000g\000a\000m\000i\000t\000.\000c\000l\000a\000s\000s\000e\000s\000.\000p\000y\000G\000a\000m\000i\000t\000T\000a\000s\000k\000\040\000m\000o\000d\000u\000l\000e}{subsubsection.2.1.1.1}% 25
\BOOKMARK [4][-]{paragraph*.237}{\376\377\000p\000g\000a\000m\000i\000t\000.\000c\000l\000a\000s\000s\000e\000s\000.\000p\000y\000G\000l\000o\000b\000k\000T\000a\000s\000k\000\040\000m\000o\000d\000u\000l\000e}{subsubsection.2.1.1.1}% 26
\BOOKMARK [4][-]{paragraph*.244}{\376\377\000p\000g\000a\000m\000i\000t\000.\000c\000l\000a\000s\000s\000e\000s\000.\000p\000y\000J\000o\000b\000S\000e\000r\000v\000e\000r\000\040\000m\000o\000d\000u\000l\000e}{subsubsection.2.1.1.1}% 27
\BOOKMARK [4][-]{paragraph*.256}{\376\377\000p\000g\000a\000m\000i\000t\000.\000c\000l\000a\000s\000s\000e\000s\000.\000p\000y\000L\000e\000a\000s\000t\000S\000q\000u\000a\000r\000e\000s\000\040\000m\000o\000d\000u\000l\000e}{subsubsection.2.1.1.1}% 28
\BOOKMARK [4][-]{paragraph*.259}{\376\377\000p\000g\000a\000m\000i\000t\000.\000c\000l\000a\000s\000s\000e\000s\000.\000p\000y\000N\000E\000Q\000S\000t\000a\000c\000k\000\040\000m\000o\000d\000u\000l\000e}{subsubsection.2.1.1.1}% 29
\BOOKMARK [5][-]{subparagraph*.266}{\376\377\000p\000y\000N\000E\000Q\000S\000t\000a\000c\000k\000.\000p\000y\000\040\000-\000\040\000C\000L\000I\000\040\000i\000n\000t\000e\000r\000f\000a\000c\000e}{paragraph*.259}% 30
\BOOKMARK [5][-]{subparagraph*.267}{\376\377\000p\000y\000N\000E\000Q\000S\000t\000a\000c\000k\000.\000p\000y\000\040\000p\000o\000s\000i\000t\000i\000o\000n\000a\000l\000\040\000a\000r\000g\000u\000m\000e\000n\000t\000s}{paragraph*.259}% 31
\BOOKMARK [5][-]{subparagraph*.268}{\376\377\000p\000y\000N\000E\000Q\000S\000t\000a\000c\000k\000.\000p\000y\000\040\000o\000p\000t\000i\000o\000n\000s}{paragraph*.259}% 32
\BOOKMARK [4][-]{paragraph*.269}{\376\377\000p\000g\000a\000m\000i\000t\000.\000c\000l\000a\000s\000s\000e\000s\000.\000p\000y\000N\000e\000t\000w\000o\000r\000k\000\040\000m\000o\000d\000u\000l\000e}{subsubsection.2.1.1.1}% 33
\BOOKMARK [4][-]{paragraph*.279}{\376\377\000p\000g\000a\000m\000i\000t\000.\000c\000l\000a\000s\000s\000e\000s\000.\000p\000y\000O\000T\000L\000\040\000m\000o\000d\000u\000l\000e}{subsubsection.2.1.1.1}% 34
\BOOKMARK [4][-]{paragraph*.283}{\376\377\000p\000g\000a\000m\000i\000t\000.\000c\000l\000a\000s\000s\000e\000s\000.\000p\000y\000O\000k\000a\000d\000a\000\040\000m\000o\000d\000u\000l\000e}{subsubsection.2.1.1.1}% 35
\BOOKMARK [5][-]{subparagraph*.284}{\376\377\000O\000k\000a\000d\000a\000\040\000c\000o\000d\000e\000\040\000T\000r\000a\000n\000s\000l\000a\000t\000e\000d\000\040\000f\000r\000o\000m\000\040\000M\000a\000t\000l\000a\000b\000\040\000t\000o\000\040\000P\000y\000t\000h\000o\000n\000.\000\040\000O\000r\000i\000g\000i\000n\000a\000l\000\040\000b\000y\000\040\000M\000i\000c\000h\000a\000e\000l\000\040\000B\000e\000v\000i\000s\000\040\000b\000a\000s\000e\000d\000\040\000o\000n\000\040\000O\000k\000a\000d\000a\000\040\0001\0009\0008\0005}{paragraph*.283}% 36
\BOOKMARK [4][-]{paragraph*.298}{\376\377\000p\000g\000a\000m\000i\000t\000.\000c\000l\000a\000s\000s\000e\000s\000.\000p\000y\000O\000p\000t\000i\000o\000n\000s\000\040\000m\000o\000d\000u\000l\000e}{subsubsection.2.1.1.1}% 37
\BOOKMARK [4][-]{paragraph*.300}{\376\377\000p\000g\000a\000m\000i\000t\000.\000c\000l\000a\000s\000s\000e\000s\000.\000p\000y\000P\000P\000P\000\040\000m\000o\000d\000u\000l\000e}{subsubsection.2.1.1.1}% 38
\BOOKMARK [4][-]{paragraph*.328}{\376\377\000p\000g\000a\000m\000i\000t\000.\000c\000l\000a\000s\000s\000e\000s\000.\000p\000y\000P\000a\000r\000s\000e\000A\000n\000t\000e\000x\000\040\000m\000o\000d\000u\000l\000e}{subsubsection.2.1.1.1}% 39
\BOOKMARK [4][-]{paragraph*.330}{\376\377\000p\000g\000a\000m\000i\000t\000.\000c\000l\000a\000s\000s\000e\000s\000.\000p\000y\000P\000a\000r\000s\000e\000Z\000T\000D\000\040\000m\000o\000d\000u\000l\000e}{subsubsection.2.1.1.1}% 40
\BOOKMARK [4][-]{paragraph*.333}{\376\377\000p\000g\000a\000m\000i\000t\000.\000c\000l\000a\000s\000s\000e\000s\000.\000p\000y\000P\000r\000o\000d\000u\000c\000t\000s\000\040\000m\000o\000d\000u\000l\000e}{subsubsection.2.1.1.1}% 41
\BOOKMARK [4][-]{paragraph*.337}{\376\377\000p\000g\000a\000m\000i\000t\000.\000c\000l\000a\000s\000s\000e\000s\000.\000p\000y\000R\000i\000n\000e\000x\000\040\000m\000o\000d\000u\000l\000e}{subsubsection.2.1.1.1}% 42
\BOOKMARK [4][-]{paragraph*.378}{\376\377\000p\000g\000a\000m\000i\000t\000.\000c\000l\000a\000s\000s\000e\000s\000.\000p\000y\000R\000i\000n\000e\000x\000N\000a\000m\000e\000\040\000m\000o\000d\000u\000l\000e}{subsubsection.2.1.1.1}% 43
\BOOKMARK [4][-]{paragraph*.387}{\376\377\000p\000g\000a\000m\000i\000t\000.\000c\000l\000a\000s\000s\000e\000s\000.\000p\000y\000R\000u\000n\000W\000i\000t\000h\000R\000e\000t\000r\000y\000\040\000m\000o\000d\000u\000l\000e}{subsubsection.2.1.1.1}% 44
\BOOKMARK [4][-]{paragraph*.394}{\376\377\000p\000g\000a\000m\000i\000t\000.\000c\000l\000a\000s\000s\000e\000s\000.\000p\000y\000S\000p\0003\000\040\000m\000o\000d\000u\000l\000e}{subsubsection.2.1.1.1}% 45
\BOOKMARK [4][-]{paragraph*.398}{\376\377\000p\000g\000a\000m\000i\000t\000.\000c\000l\000a\000s\000s\000e\000s\000.\000p\000y\000S\000t\000a\000c\000k\000\040\000m\000o\000d\000u\000l\000e}{subsubsection.2.1.1.1}% 46
\BOOKMARK [4][-]{paragraph*.418}{\376\377\000p\000g\000a\000m\000i\000t\000.\000c\000l\000a\000s\000s\000e\000s\000.\000p\000y\000S\000t\000a\000t\000i\000c\0001\000d\000\040\000m\000o\000d\000u\000l\000e}{subsubsection.2.1.1.1}% 47
\BOOKMARK [4][-]{paragraph*.420}{\376\377\000p\000g\000a\000m\000i\000t\000.\000c\000l\000a\000s\000s\000e\000s\000.\000p\000y\000S\000t\000a\000t\000i\000o\000n\000\040\000m\000o\000d\000u\000l\000e}{subsubsection.2.1.1.1}% 48
\BOOKMARK [4][-]{paragraph*.440}{\376\377\000p\000g\000a\000m\000i\000t\000.\000c\000l\000a\000s\000s\000e\000s\000.\000p\000y\000S\000t\000a\000t\000i\000o\000n\000I\000n\000f\000o\000\040\000m\000o\000d\000u\000l\000e}{subsubsection.2.1.1.1}% 49
\BOOKMARK [4][-]{paragraph*.462}{\376\377\000p\000g\000a\000m\000i\000t\000.\000c\000l\000a\000s\000s\000e\000s\000.\000p\000y\000T\000e\000r\000m\000i\000n\000a\000l\000\040\000m\000o\000d\000u\000l\000e}{subsubsection.2.1.1.1}% 50
\BOOKMARK [4][-]{paragraph*.505}{\376\377\000p\000g\000a\000m\000i\000t\000.\000c\000l\000a\000s\000s\000e\000s\000.\000p\000y\000T\000r\000i\000m\000b\000l\000e\000T\0000\000x\000\040\000m\000o\000d\000u\000l\000e}{subsubsection.2.1.1.1}% 51
\BOOKMARK [4][-]{paragraph*.507}{\376\377\000p\000g\000a\000m\000i\000t\000.\000c\000l\000a\000s\000s\000e\000s\000.\000p\000y\000V\000o\000r\000o\000n\000o\000i\000\040\000m\000o\000d\000u\000l\000e}{subsubsection.2.1.1.1}% 52
\BOOKMARK [4][-]{paragraph*.521}{\376\377\000p\000g\000a\000m\000i\000t\000.\000c\000l\000a\000s\000s\000e\000s\000.\000p\000y\000Z\000T\000D\000\040\000m\000o\000d\000u\000l\000e}{subsubsection.2.1.1.1}% 53
\BOOKMARK [4][-]{paragraph*.528}{\376\377\000p\000g\000a\000m\000i\000t\000.\000c\000l\000a\000s\000s\000e\000s\000.\000s\000n\000x\000P\000a\000r\000s\000e\000\040\000m\000o\000d\000u\000l\000e}{subsubsection.2.1.1.1}% 54
\BOOKMARK [4][-]{paragraph*.547}{\376\377\000M\000o\000d\000u\000l\000e\000\040\000c\000o\000n\000t\000e\000n\000t\000s}{subsubsection.2.1.1.1}% 55
\BOOKMARK [3][-]{subsubsection.2.1.1.2}{\376\377\000p\000g\000a\000m\000i\000t\000.\000c\000o\000m\000\040\000p\000a\000c\000k\000a\000g\000e}{subsection.2.1.1}% 56
\BOOKMARK [4][-]{paragraph*.548}{\376\377\000S\000u\000b\000m\000o\000d\000u\000l\000e\000s}{subsubsection.2.1.1.2}% 57
\BOOKMARK [4][-]{paragraph*.549}{\376\377\000p\000g\000a\000m\000i\000t\000.\000c\000o\000m\000.\000A\000l\000t\000e\000r\000E\000T\000M\000\040\000m\000o\000d\000u\000l\000e}{subsubsection.2.1.1.2}% 58
\BOOKMARK [5][-]{subparagraph*.555}{\376\377\000A\000l\000t\000e\000r\000E\000T\000M\000.\000p\000y\000\040\000-\000\040\000C\000L\000I\000\040\000i\000n\000t\000e\000r\000f\000a\000c\000e}{paragraph*.549}% 59
\BOOKMARK [5][-]{subparagraph*.556}{\376\377\000A\000l\000t\000e\000r\000E\000T\000M\000.\000p\000y\000\040\000p\000o\000s\000i\000t\000i\000o\000n\000a\000l\000\040\000a\000r\000g\000u\000m\000e\000n\000t\000s}{paragraph*.549}% 60
\BOOKMARK [5][-]{subparagraph*.557}{\376\377\000A\000l\000t\000e\000r\000E\000T\000M\000.\000p\000y\000\040\000o\000p\000t\000i\000o\000n\000s}{paragraph*.549}% 61
\BOOKMARK [4][-]{paragraph*.558}{\376\377\000p\000g\000a\000m\000i\000t\000.\000c\000o\000m\000.\000A\000p\000p\000l\000y\000C\000o\000u\000n\000t\000r\000y\000C\000o\000d\000e\000\040\000m\000o\000d\000u\000l\000e}{subsubsection.2.1.1.2}% 62
\BOOKMARK [4][-]{paragraph*.560}{\376\377\000p\000g\000a\000m\000i\000t\000.\000c\000o\000m\000.\000A\000r\000c\000h\000i\000v\000e\000S\000e\000r\000v\000i\000c\000e\000\040\000m\000o\000d\000u\000l\000e}{subsubsection.2.1.1.2}% 63
\BOOKMARK [5][-]{subparagraph*.561}{\376\377\000A\000r\000c\000h\000i\000v\000e\000S\000e\000r\000v\000i\000c\000e}{paragraph*.560}% 64
\BOOKMARK [5][-]{subparagraph*.573}{\376\377\000A\000r\000c\000h\000i\000v\000e\000S\000e\000r\000v\000i\000c\000e\000.\000p\000y\000\040\000-\000\040\000C\000L\000I\000\040\000i\000n\000t\000e\000r\000f\000a\000c\000e}{paragraph*.560}% 65
\BOOKMARK [5][-]{subparagraph*.574}{\376\377\000A\000r\000c\000h\000i\000v\000e\000S\000e\000r\000v\000i\000c\000e\000.\000p\000y\000\040\000o\000p\000t\000i\000o\000n\000s}{paragraph*.560}% 66
\BOOKMARK [4][-]{paragraph*.575}{\376\377\000p\000g\000a\000m\000i\000t\000.\000c\000o\000m\000.\000C\000l\000o\000s\000e\000S\000t\000a\000t\000i\000o\000n\000I\000n\000f\000o\000\040\000m\000o\000d\000u\000l\000e}{subsubsection.2.1.1.2}% 67
\BOOKMARK [5][-]{subparagraph*.577}{\376\377\000C\000l\000o\000s\000e\000S\000t\000a\000t\000i\000o\000n\000I\000n\000f\000o\000.\000p\000y\000\040\000-\000\040\000C\000L\000I\000\040\000i\000n\000t\000e\000r\000f\000a\000c\000e}{paragraph*.575}% 68
\BOOKMARK [5][-]{subparagraph*.578}{\376\377\000C\000l\000o\000s\000e\000S\000t\000a\000t\000i\000o\000n\000I\000n\000f\000o\000.\000p\000y\000\040\000p\000o\000s\000i\000t\000i\000o\000n\000a\000l\000\040\000a\000r\000g\000u\000m\000e\000n\000t\000s}{paragraph*.575}% 69
\BOOKMARK [5][-]{subparagraph*.579}{\376\377\000C\000l\000o\000s\000e\000S\000t\000a\000t\000i\000o\000n\000I\000n\000f\000o\000.\000p\000y\000\040\000o\000p\000t\000i\000o\000n\000s}{paragraph*.575}% 70
\BOOKMARK [4][-]{paragraph*.580}{\376\377\000p\000g\000a\000m\000i\000t\000.\000c\000o\000m\000.\000C\000o\000m\000p\000a\000r\000e\000D\000B\000s\000\040\000m\000o\000d\000u\000l\000e}{subsubsection.2.1.1.2}% 71
\BOOKMARK [4][-]{paragraph*.582}{\376\377\000p\000g\000a\000m\000i\000t\000.\000c\000o\000m\000.\000C\000o\000n\000v\000e\000r\000t\000D\000a\000t\000e\000\040\000m\000o\000d\000u\000l\000e}{subsubsection.2.1.1.2}% 72
\BOOKMARK [5][-]{subparagraph*.584}{\376\377\000C\000o\000n\000v\000e\000r\000t\000D\000a\000t\000e\000.\000p\000y\000\040\000-\000\040\000C\000L\000I\000\040\000i\000n\000t\000e\000r\000f\000a\000c\000e}{paragraph*.582}% 73
\BOOKMARK [5][-]{subparagraph*.585}{\376\377\000C\000o\000n\000v\000e\000r\000t\000D\000a\000t\000e\000.\000p\000y\000\040\000p\000o\000s\000i\000t\000i\000o\000n\000a\000l\000\040\000a\000r\000g\000u\000m\000e\000n\000t\000s}{paragraph*.582}% 74
\BOOKMARK [5][-]{subparagraph*.586}{\376\377\000C\000o\000n\000v\000e\000r\000t\000D\000a\000t\000e\000.\000p\000y\000\040\000o\000p\000t\000i\000o\000n\000s}{paragraph*.582}% 75
\BOOKMARK [4][-]{paragraph*.587}{\376\377\000p\000g\000a\000m\000i\000t\000.\000c\000o\000m\000.\000C\000o\000n\000v\000e\000r\000t\000T\000r\000i\000m\000b\000l\000e\000\040\000m\000o\000d\000u\000l\000e}{subsubsection.2.1.1.2}% 76
\BOOKMARK [5][-]{subparagraph*.589}{\376\377\000C\000o\000n\000v\000e\000r\000t\000T\000r\000i\000m\000b\000l\000e\000.\000p\000y\000\040\000-\000\040\000C\000L\000I\000\040\000i\000n\000t\000e\000r\000f\000a\000c\000e}{paragraph*.587}% 77
\BOOKMARK [5][-]{subparagraph*.590}{\376\377\000C\000o\000n\000v\000e\000r\000t\000T\000r\000i\000m\000b\000l\000e\000.\000p\000y\000\040\000p\000o\000s\000i\000t\000i\000o\000n\000a\000l\000\040\000a\000r\000g\000u\000m\000e\000n\000t\000s}{paragraph*.587}% 78
\BOOKMARK [5][-]{subparagraph*.591}{\376\377\000C\000o\000n\000v\000e\000r\000t\000T\000r\000i\000m\000b\000l\000e\000.\000p\000y\000\040\000o\000p\000t\000i\000o\000n\000s}{paragraph*.587}% 79
\BOOKMARK [4][-]{paragraph*.592}{\376\377\000p\000g\000a\000m\000i\000t\000.\000c\000o\000m\000.\000D\000R\000A\000\040\000m\000o\000d\000u\000l\000e}{subsubsection.2.1.1.2}% 80
\BOOKMARK [5][-]{subparagraph*.601}{\376\377\000D\000R\000A\000.\000p\000y\000\040\000-\000\040\000C\000L\000I\000\040\000i\000n\000t\000e\000r\000f\000a\000c\000e}{paragraph*.592}% 81
\BOOKMARK [5][-]{subparagraph*.602}{\376\377\000D\000R\000A\000.\000p\000y\000\040\000p\000o\000s\000i\000t\000i\000o\000n\000a\000l\000\040\000a\000r\000g\000u\000m\000e\000n\000t\000s}{paragraph*.592}% 82
\BOOKMARK [5][-]{subparagraph*.603}{\376\377\000D\000R\000A\000.\000p\000y\000\040\000o\000p\000t\000i\000o\000n\000s}{paragraph*.592}% 83
\BOOKMARK [4][-]{paragraph*.604}{\376\377\000p\000g\000a\000m\000i\000t\000.\000c\000o\000m\000.\000D\000o\000w\000n\000l\000o\000a\000d\000S\000o\000u\000r\000c\000e\000s\000\040\000m\000o\000d\000u\000l\000e}{subsubsection.2.1.1.2}% 84
\BOOKMARK [5][-]{subparagraph*.726}{\376\377\000D\000o\000w\000n\000l\000o\000a\000d\000S\000o\000u\000r\000c\000e\000s\000.\000p\000y\000\040\000-\000\040\000C\000L\000I\000\040\000i\000n\000t\000e\000r\000f\000a\000c\000e}{paragraph*.604}% 85
\BOOKMARK [5][-]{subparagraph*.727}{\376\377\000D\000o\000w\000n\000l\000o\000a\000d\000S\000o\000u\000r\000c\000e\000s\000.\000p\000y\000\040\000p\000o\000s\000i\000t\000i\000o\000n\000a\000l\000\040\000a\000r\000g\000u\000m\000e\000n\000t\000s}{paragraph*.604}% 86
\BOOKMARK [5][-]{subparagraph*.728}{\376\377\000D\000o\000w\000n\000l\000o\000a\000d\000S\000o\000u\000r\000c\000e\000s\000.\000p\000y\000\040\000o\000p\000t\000i\000o\000n\000s}{paragraph*.604}% 87
\BOOKMARK [4][-]{paragraph*.729}{\376\377\000p\000g\000a\000m\000i\000t\000.\000c\000o\000m\000.\000D\000o\000w\000n\000l\000o\000a\000d\000S\000o\000u\000r\000c\000e\000s\000F\000i\000l\000l\000\040\000m\000o\000d\000u\000l\000e}{subsubsection.2.1.1.2}% 88
\BOOKMARK [5][-]{subparagraph*.734}{\376\377\000D\000o\000w\000n\000l\000o\000a\000d\000S\000o\000u\000r\000c\000e\000s\000F\000i\000l\000l\000.\000p\000y\000\040\000-\000\040\000C\000L\000I\000\040\000i\000n\000t\000e\000r\000f\000a\000c\000e}{paragraph*.729}% 89
\BOOKMARK [5][-]{subparagraph*.735}{\376\377\000D\000o\000w\000n\000l\000o\000a\000d\000S\000o\000u\000r\000c\000e\000s\000F\000i\000l\000l\000.\000p\000y\000\040\000p\000o\000s\000i\000t\000i\000o\000n\000a\000l\000\040\000a\000r\000g\000u\000m\000e\000n\000t\000s}{paragraph*.729}% 90
\BOOKMARK [5][-]{subparagraph*.736}{\376\377\000D\000o\000w\000n\000l\000o\000a\000d\000S\000o\000u\000r\000c\000e\000s\000F\000i\000l\000l\000.\000p\000y\000\040\000o\000p\000t\000i\000o\000n\000s}{paragraph*.729}% 91
\BOOKMARK [4][-]{paragraph*.737}{\376\377\000p\000g\000a\000m\000i\000t\000.\000c\000o\000m\000.\000F\000i\000x\000P\000l\000a\000t\000e\000\040\000m\000o\000d\000u\000l\000e}{subsubsection.2.1.1.2}% 92
\BOOKMARK [5][-]{subparagraph*.742}{\376\377\000F\000i\000x\000P\000l\000a\000t\000e\000.\000p\000y\000\040\000-\000\040\000C\000L\000I\000\040\000i\000n\000t\000e\000r\000f\000a\000c\000e}{paragraph*.737}% 93
\BOOKMARK [5][-]{subparagraph*.743}{\376\377\000F\000i\000x\000P\000l\000a\000t\000e\000.\000p\000y\000\040\000p\000o\000s\000i\000t\000i\000o\000n\000a\000l\000\040\000a\000r\000g\000u\000m\000e\000n\000t\000s}{paragraph*.737}% 94
\BOOKMARK [5][-]{subparagraph*.744}{\376\377\000F\000i\000x\000P\000l\000a\000t\000e\000.\000p\000y\000\040\000o\000p\000t\000i\000o\000n\000s}{paragraph*.737}% 95
\BOOKMARK [4][-]{paragraph*.745}{\376\377\000p\000g\000a\000m\000i\000t\000.\000c\000o\000m\000.\000G\000e\000n\000e\000r\000a\000t\000e\000K\000m\000l\000\040\000m\000o\000d\000u\000l\000e}{subsubsection.2.1.1.2}% 96
\BOOKMARK [5][-]{subparagraph*.753}{\376\377\000G\000e\000n\000e\000r\000a\000t\000e\000K\000m\000l\000.\000p\000y\000\040\000-\000\040\000C\000L\000I\000\040\000i\000n\000t\000e\000r\000f\000a\000c\000e}{paragraph*.745}% 97
\BOOKMARK [5][-]{subparagraph*.754}{\376\377\000G\000e\000n\000e\000r\000a\000t\000e\000K\000m\000l\000.\000p\000y\000\040\000p\000o\000s\000i\000t\000i\000o\000n\000a\000l\000\040\000a\000r\000g\000u\000m\000e\000n\000t\000s}{paragraph*.745}% 98
\BOOKMARK [5][-]{subparagraph*.755}{\376\377\000G\000e\000n\000e\000r\000a\000t\000e\000K\000m\000l\000.\000p\000y\000\040\000o\000p\000t\000i\000o\000n\000s}{paragraph*.745}% 99
\BOOKMARK [4][-]{paragraph*.756}{\376\377\000p\000g\000a\000m\000i\000t\000.\000c\000o\000m\000.\000G\000e\000n\000e\000r\000a\000t\000e\000S\000i\000n\000e\000x\000\040\000m\000o\000d\000u\000l\000e}{subsubsection.2.1.1.2}% 100
\BOOKMARK [5][-]{subparagraph*.761}{\376\377\000G\000e\000n\000e\000r\000a\000t\000e\000S\000i\000n\000e\000x\000.\000p\000y\000\040\000-\000\040\000C\000L\000I\000\040\000i\000n\000t\000e\000r\000f\000a\000c\000e}{paragraph*.756}% 101
\BOOKMARK [5][-]{subparagraph*.762}{\376\377\000G\000e\000n\000e\000r\000a\000t\000e\000S\000i\000n\000e\000x\000.\000p\000y\000\040\000p\000o\000s\000i\000t\000i\000o\000n\000a\000l\000\040\000a\000r\000g\000u\000m\000e\000n\000t\000s}{paragraph*.756}% 102
\BOOKMARK [5][-]{subparagraph*.763}{\376\377\000G\000e\000n\000e\000r\000a\000t\000e\000S\000i\000n\000e\000x\000.\000p\000y\000\040\000o\000p\000t\000i\000o\000n\000s}{paragraph*.756}% 103
\BOOKMARK [4][-]{paragraph*.764}{\376\377\000p\000g\000a\000m\000i\000t\000.\000c\000o\000m\000.\000I\000n\000t\000e\000g\000r\000i\000t\000y\000C\000h\000e\000c\000k\000\040\000m\000o\000d\000u\000l\000e}{subsubsection.2.1.1.2}% 104
\BOOKMARK [5][-]{subparagraph*.782}{\376\377\000I\000n\000t\000e\000g\000r\000i\000t\000y\000C\000h\000e\000c\000k\000.\000p\000y\000\040\000-\000\040\000C\000L\000I\000\040\000i\000n\000t\000e\000r\000f\000a\000c\000e}{paragraph*.764}% 105
\BOOKMARK [5][-]{subparagraph*.783}{\376\377\000I\000n\000t\000e\000g\000r\000i\000t\000y\000C\000h\000e\000c\000k\000.\000p\000y\000\040\000p\000o\000s\000i\000t\000i\000o\000n\000a\000l\000\040\000a\000r\000g\000u\000m\000e\000n\000t\000s}{paragraph*.764}% 106
\BOOKMARK [5][-]{subparagraph*.784}{\376\377\000I\000n\000t\000e\000g\000r\000i\000t\000y\000C\000h\000e\000c\000k\000.\000p\000y\000\040\000o\000p\000t\000i\000o\000n\000s}{paragraph*.764}% 107
\BOOKMARK [4][-]{paragraph*.785}{\376\377\000p\000g\000a\000m\000i\000t\000.\000c\000o\000m\000.\000L\000o\000c\000a\000t\000e\000R\000i\000n\000e\000x\000\040\000m\000o\000d\000u\000l\000e}{subsubsection.2.1.1.2}% 108
\BOOKMARK [5][-]{subparagraph*.788}{\376\377\000L\000o\000c\000a\000t\000e\000R\000i\000n\000e\000x\000.\000p\000y\000\040\000-\000\040\000C\000L\000I\000\040\000i\000n\000t\000e\000r\000f\000a\000c\000e}{paragraph*.785}% 109
\BOOKMARK [5][-]{subparagraph*.789}{\376\377\000L\000o\000c\000a\000t\000e\000R\000i\000n\000e\000x\000.\000p\000y\000\040\000p\000o\000s\000i\000t\000i\000o\000n\000a\000l\000\040\000a\000r\000g\000u\000m\000e\000n\000t\000s}{paragraph*.785}% 110
\BOOKMARK [5][-]{subparagraph*.790}{\376\377\000L\000o\000c\000a\000t\000e\000R\000i\000n\000e\000x\000.\000p\000y\000\040\000o\000p\000t\000i\000o\000n\000s}{paragraph*.785}% 111
\BOOKMARK [4][-]{paragraph*.791}{\376\377\000p\000g\000a\000m\000i\000t\000.\000c\000o\000m\000.\000O\000T\000L\000\137\000F\000E\000S\0002\0000\0001\0004\000b\000\040\000m\000o\000d\000u\000l\000e}{subsubsection.2.1.1.2}% 112
\BOOKMARK [4][-]{paragraph*.798}{\376\377\000p\000g\000a\000m\000i\000t\000.\000c\000o\000m\000.\000P\000a\000r\000a\000l\000l\000e\000l\000G\000a\000m\000i\000t\000\040\000m\000o\000d\000u\000l\000e}{subsubsection.2.1.1.2}% 113
\BOOKMARK [5][-]{subparagraph*.822}{\376\377\000P\000a\000r\000a\000l\000l\000e\000l\000G\000a\000m\000i\000t\000.\000p\000y\000\040\000-\000\040\000C\000L\000I\000\040\000i\000n\000t\000e\000r\000f\000a\000c\000e}{paragraph*.798}% 114
\BOOKMARK [5][-]{subparagraph*.823}{\376\377\000P\000a\000r\000a\000l\000l\000e\000l\000G\000a\000m\000i\000t\000.\000p\000y\000\040\000p\000o\000s\000i\000t\000i\000o\000n\000a\000l\000\040\000a\000r\000g\000u\000m\000e\000n\000t\000s}{paragraph*.798}% 115
\BOOKMARK [5][-]{subparagraph*.824}{\376\377\000P\000a\000r\000a\000l\000l\000e\000l\000G\000a\000m\000i\000t\000.\000p\000y\000\040\000o\000p\000t\000i\000o\000n\000s}{paragraph*.798}% 116
\BOOKMARK [4][-]{paragraph*.825}{\376\377\000p\000g\000a\000m\000i\000t\000.\000c\000o\000m\000.\000P\000l\000o\000t\000E\000T\000M\000\040\000m\000o\000d\000u\000l\000e}{subsubsection.2.1.1.2}% 117
\BOOKMARK [5][-]{subparagraph*.828}{\376\377\000P\000l\000o\000t\000E\000T\000M\000.\000p\000y\000\040\000-\000\040\000C\000L\000I\000\040\000i\000n\000t\000e\000r\000f\000a\000c\000e}{paragraph*.825}% 118
\BOOKMARK [5][-]{subparagraph*.829}{\376\377\000P\000l\000o\000t\000E\000T\000M\000.\000p\000y\000\040\000p\000o\000s\000i\000t\000i\000o\000n\000a\000l\000\040\000a\000r\000g\000u\000m\000e\000n\000t\000s}{paragraph*.825}% 119
\BOOKMARK [5][-]{subparagraph*.830}{\376\377\000P\000l\000o\000t\000E\000T\000M\000.\000p\000y\000\040\000o\000p\000t\000i\000o\000n\000s}{paragraph*.825}% 120
\BOOKMARK [4][-]{paragraph*.831}{\376\377\000p\000g\000a\000m\000i\000t\000.\000c\000o\000m\000.\000P\000l\000o\000t\000M\000a\000p\000V\000i\000e\000w\000\040\000m\000o\000d\000u\000l\000e}{subsubsection.2.1.1.2}% 121
\BOOKMARK [5][-]{subparagraph*.835}{\376\377\000P\000l\000o\000t\000M\000a\000p\000V\000i\000e\000w\000.\000p\000y\000\040\000-\000\040\000C\000L\000I\000\040\000i\000n\000t\000e\000r\000f\000a\000c\000e}{paragraph*.831}% 122
\BOOKMARK [5][-]{subparagraph*.836}{\376\377\000P\000l\000o\000t\000M\000a\000p\000V\000i\000e\000w\000.\000p\000y\000\040\000p\000o\000s\000i\000t\000i\000o\000n\000a\000l\000\040\000a\000r\000g\000u\000m\000e\000n\000t\000s}{paragraph*.831}% 123
\BOOKMARK [5][-]{subparagraph*.837}{\376\377\000P\000l\000o\000t\000M\000a\000p\000V\000i\000e\000w\000.\000p\000y\000\040\000o\000p\000t\000i\000o\000n\000s}{paragraph*.831}% 124
\BOOKMARK [4][-]{paragraph*.838}{\376\377\000p\000g\000a\000m\000i\000t\000.\000c\000o\000m\000.\000Q\000u\000e\000r\000y\000E\000T\000M\000\040\000m\000o\000d\000u\000l\000e}{subsubsection.2.1.1.2}% 125
\BOOKMARK [5][-]{subparagraph*.841}{\376\377\000Q\000u\000e\000r\000y\000E\000T\000M\000.\000p\000y\000\040\000-\000\040\000C\000L\000I\000\040\000i\000n\000t\000e\000r\000f\000a\000c\000e}{paragraph*.838}% 126
\BOOKMARK [5][-]{subparagraph*.842}{\376\377\000Q\000u\000e\000r\000y\000E\000T\000M\000.\000p\000y\000\040\000p\000o\000s\000i\000t\000i\000o\000n\000a\000l\000\040\000a\000r\000g\000u\000m\000e\000n\000t\000s}{paragraph*.838}% 127
\BOOKMARK [5][-]{subparagraph*.843}{\376\377\000Q\000u\000e\000r\000y\000E\000T\000M\000.\000p\000y\000\040\000o\000p\000t\000i\000o\000n\000s}{paragraph*.838}% 128
\BOOKMARK [4][-]{paragraph*.844}{\376\377\000p\000g\000a\000m\000i\000t\000.\000c\000o\000m\000.\000R\000e\000a\000d\000P\000a\000c\000k\000a\000g\000e\000\040\000m\000o\000d\000u\000l\000e}{subsubsection.2.1.1.2}% 129
\BOOKMARK [5][-]{subparagraph*.849}{\376\377\000R\000e\000a\000d\000P\000a\000c\000k\000a\000g\000e\000.\000p\000y\000\040\000-\000\040\000C\000L\000I\000\040\000i\000n\000t\000e\000r\000f\000a\000c\000e}{paragraph*.844}% 130
\BOOKMARK [5][-]{subparagraph*.850}{\376\377\000R\000e\000a\000d\000P\000a\000c\000k\000a\000g\000e\000.\000p\000y\000\040\000p\000o\000s\000i\000t\000i\000o\000n\000a\000l\000\040\000a\000r\000g\000u\000m\000e\000n\000t\000s}{paragraph*.844}% 131
\BOOKMARK [5][-]{subparagraph*.851}{\376\377\000R\000e\000a\000d\000P\000a\000c\000k\000a\000g\000e\000.\000p\000y\000\040\000o\000p\000t\000i\000o\000n\000s}{paragraph*.844}% 132
\BOOKMARK [4][-]{paragraph*.852}{\376\377\000p\000g\000a\000m\000i\000t\000.\000c\000o\000m\000.\000R\000e\000a\000d\000\137\000M\000f\000i\000l\000e\000\040\000m\000o\000d\000u\000l\000e}{subsubsection.2.1.1.2}% 133
\BOOKMARK [4][-]{paragraph*.853}{\376\377\000p\000g\000a\000m\000i\000t\000.\000c\000o\000m\000.\000S\000c\000a\000n\000A\000r\000c\000h\000i\000v\000e\000\040\000m\000o\000d\000u\000l\000e}{subsubsection.2.1.1.2}% 134
\BOOKMARK [5][-]{subparagraph*.879}{\376\377\000S\000c\000a\000n\000A\000r\000c\000h\000i\000v\000e\000.\000p\000y\000\040\000-\000\040\000C\000L\000I\000\040\000i\000n\000t\000e\000r\000f\000a\000c\000e}{paragraph*.853}% 135
\BOOKMARK [5][-]{subparagraph*.880}{\376\377\000S\000c\000a\000n\000A\000r\000c\000h\000i\000v\000e\000.\000p\000y\000\040\000p\000o\000s\000i\000t\000i\000o\000n\000a\000l\000\040\000a\000r\000g\000u\000m\000e\000n\000t\000s}{paragraph*.853}% 136
\BOOKMARK [5][-]{subparagraph*.881}{\376\377\000S\000c\000a\000n\000A\000r\000c\000h\000i\000v\000e\000.\000p\000y\000\040\000o\000p\000t\000i\000o\000n\000s}{paragraph*.853}% 137
\BOOKMARK [4][-]{paragraph*.882}{\376\377\000p\000g\000a\000m\000i\000t\000.\000c\000o\000m\000.\000S\000t\000a\000c\000k\000e\000r\000\040\000m\000o\000d\000u\000l\000e}{subsubsection.2.1.1.2}% 138
\BOOKMARK [5][-]{subparagraph*.890}{\376\377\000S\000t\000a\000c\000k\000e\000r\000.\000p\000y\000\040\000-\000\040\000C\000L\000I\000\040\000i\000n\000t\000e\000r\000f\000a\000c\000e}{paragraph*.882}% 139
\BOOKMARK [5][-]{subparagraph*.891}{\376\377\000S\000t\000a\000c\000k\000e\000r\000.\000p\000y\000\040\000p\000o\000s\000i\000t\000i\000o\000n\000a\000l\000\040\000a\000r\000g\000u\000m\000e\000n\000t\000s}{paragraph*.882}% 140
\BOOKMARK [5][-]{subparagraph*.892}{\376\377\000S\000t\000a\000c\000k\000e\000r\000.\000p\000y\000\040\000o\000p\000t\000i\000o\000n\000s}{paragraph*.882}% 141
\BOOKMARK [4][-]{paragraph*.893}{\376\377\000p\000g\000a\000m\000i\000t\000.\000c\000o\000m\000.\000S\000t\000a\000t\000i\000o\000n\000I\000n\000f\000o\000E\000d\000i\000t\000\040\000m\000o\000d\000u\000l\000e}{subsubsection.2.1.1.2}% 142
\BOOKMARK [4][-]{paragraph*.907}{\376\377\000p\000g\000a\000m\000i\000t\000.\000c\000o\000m\000.\000S\000t\000a\000t\000i\000o\000n\000L\000i\000s\000t\000\040\000m\000o\000d\000u\000l\000e}{subsubsection.2.1.1.2}% 143
\BOOKMARK [4][-]{paragraph*.912}{\376\377\000p\000g\000a\000m\000i\000t\000.\000c\000o\000m\000.\000S\000y\000n\000c\000O\000r\000b\000i\000t\000s\000\040\000m\000o\000d\000u\000l\000e}{subsubsection.2.1.1.2}% 144
\BOOKMARK [5][-]{subparagraph*.914}{\376\377\000S\000y\000n\000c\000O\000r\000b\000i\000t\000s\000.\000p\000y\000\040\000-\000\040\000C\000L\000I\000\040\000i\000n\000t\000e\000r\000f\000a\000c\000e}{paragraph*.912}% 145
\BOOKMARK [5][-]{subparagraph*.915}{\376\377\000S\000y\000n\000c\000O\000r\000b\000i\000t\000s\000.\000p\000y\000\040\000o\000p\000t\000i\000o\000n\000s}{paragraph*.912}% 146
\BOOKMARK [4][-]{paragraph*.916}{\376\377\000p\000g\000a\000m\000i\000t\000.\000c\000o\000m\000.\000T\000r\000a\000j\000e\000c\000t\000o\000r\000y\000F\000i\000t\000\040\000m\000o\000d\000u\000l\000e}{subsubsection.2.1.1.2}% 147
\BOOKMARK [5][-]{subparagraph*.922}{\376\377\000T\000r\000a\000j\000e\000c\000t\000o\000r\000y\000F\000i\000t\000.\000p\000y\000\040\000-\000\040\000C\000L\000I\000\040\000i\000n\000t\000e\000r\000f\000a\000c\000e}{paragraph*.916}% 148
\BOOKMARK [5][-]{subparagraph*.923}{\376\377\000T\000r\000a\000j\000e\000c\000t\000o\000r\000y\000F\000i\000t\000.\000p\000y\000\040\000p\000o\000s\000i\000t\000i\000o\000n\000a\000l\000\040\000a\000r\000g\000u\000m\000e\000n\000t\000s}{paragraph*.916}% 149
\BOOKMARK [5][-]{subparagraph*.924}{\376\377\000T\000r\000a\000j\000e\000c\000t\000o\000r\000y\000F\000i\000t\000.\000p\000y\000\040\000o\000p\000t\000i\000o\000n\000s}{paragraph*.916}% 150
\BOOKMARK [4][-]{paragraph*.925}{\376\377\000p\000g\000a\000m\000i\000t\000.\000c\000o\000m\000.\000U\000p\000d\000a\000t\000e\000E\000a\000r\000t\000h\000q\000u\000a\000k\000e\000s\000\040\000m\000o\000d\000u\000l\000e}{subsubsection.2.1.1.2}% 151
\BOOKMARK [4][-]{paragraph*.929}{\376\377\000p\000g\000a\000m\000i\000t\000.\000c\000o\000m\000.\000Z\000t\000d\0002\000t\000r\000p\000\040\000m\000o\000d\000u\000l\000e}{subsubsection.2.1.1.2}% 152
\BOOKMARK [5][-]{subparagraph*.931}{\376\377\000Z\000t\000d\0002\000t\000r\000p\000.\000p\000y\000\040\000-\000\040\000C\000L\000I\000\040\000i\000n\000t\000e\000r\000f\000a\000c\000e}{paragraph*.929}% 153
\BOOKMARK [5][-]{subparagraph*.932}{\376\377\000Z\000t\000d\0002\000t\000r\000p\000.\000p\000y\000\040\000p\000o\000s\000i\000t\000i\000o\000n\000a\000l\000\040\000a\000r\000g\000u\000m\000e\000n\000t\000s}{paragraph*.929}% 154
\BOOKMARK [5][-]{subparagraph*.933}{\376\377\000Z\000t\000d\0002\000t\000r\000p\000.\000p\000y\000\040\000o\000p\000t\000i\000o\000n\000s}{paragraph*.929}% 155
\BOOKMARK [4][-]{paragraph*.934}{\376\377\000p\000g\000a\000m\000i\000t\000.\000c\000o\000m\000.\000a\000m\000e\000n\000d\000\040\000m\000o\000d\000u\000l\000e}{subsubsection.2.1.1.2}% 156
\BOOKMARK [4][-]{paragraph*.941}{\376\377\000p\000g\000a\000m\000i\000t\000.\000c\000o\000m\000.\000g\000a\000m\000i\000t\000\137\000s\000t\000a\000t\000s\000\040\000m\000o\000d\000u\000l\000e}{subsubsection.2.1.1.2}% 157
\BOOKMARK [4][-]{paragraph*.944}{\376\377\000p\000g\000a\000m\000i\000t\000.\000c\000o\000m\000.\000l\000o\000a\000d\000\137\000g\0002\000\137\000a\000p\000r\000s\000\040\000m\000o\000d\000u\000l\000e}{subsubsection.2.1.1.2}% 158
\BOOKMARK [4][-]{paragraph*.946}{\376\377\000p\000g\000a\000m\000i\000t\000.\000c\000o\000m\000.\000t\000e\000s\000t\000\137\000p\000r\000o\000c\000\040\000m\000o\000d\000u\000l\000e}{subsubsection.2.1.1.2}% 159
\BOOKMARK [4][-]{paragraph*.952}{\376\377\000M\000o\000d\000u\000l\000e\000\040\000c\000o\000n\000t\000e\000n\000t\000s}{subsubsection.2.1.1.2}% 160
\BOOKMARK [2][-]{subsection.2.1.2}{\376\377\000M\000o\000d\000u\000l\000e\000\040\000c\000o\000n\000t\000e\000n\000t\000s}{section.2.1}% 161
\BOOKMARK [0][-]{section*.953}{\376\377\000P\000y\000t\000h\000o\000n\000\040\000M\000o\000d\000u\000l\000e\000\040\000I\000n\000d\000e\000x}{}% 162
\BOOKMARK [0][-]{section*.954}{\376\377\000I\000n\000d\000e\000x}{}% 163
